This is XeTeX, Version 3.14159265-2.6-0.999992 (TeX Live 2020) (preloaded format=xelatex 2020.12.30)  5 JAN 2021 11:08
entering extended mode
 restricted \write18 enabled.
 %&-line parsing enabled.
**understanding-the-jamstack.tex
(./understanding-the-jamstack.tex
LaTeX2e <2020-10-01> patch level 2
L3 programming layer <2020-12-07> xparse <2020-03-03> (/Users/rguss/Library/Tin
yTeX/texmf-dist/tex/latex/base/book.cls
Document Class: book 2020/04/10 v1.4m Standard LaTeX document class
(/Users/rguss/Library/TinyTeX/texmf-dist/tex/latex/base/bk10.clo
File: bk10.clo 2020/04/10 v1.4m Standard LaTeX file (size option)
)
\c@part=\count173
\c@chapter=\count174
\c@section=\count175
\c@subsection=\count176
\c@subsubsection=\count177
\c@paragraph=\count178
\c@subparagraph=\count179
\c@figure=\count180
\c@table=\count181
\abovecaptionskip=\skip47
\belowcaptionskip=\skip48
\bibindent=\dimen138
) (/Users/rguss/Library/TinyTeX/texmf-dist/tex/latex/amsmath/amsmath.sty
Package: amsmath 2020/09/23 v2.17i AMS math features
\@mathmargin=\skip49
For additional information on amsmath, use the `?' option.
(/Users/rguss/Library/TinyTeX/texmf-dist/tex/latex/amsmath/amstext.sty
Package: amstext 2000/06/29 v2.01 AMS text
(/Users/rguss/Library/TinyTeX/texmf-dist/tex/latex/amsmath/amsgen.sty
File: amsgen.sty 1999/11/30 v2.0 generic functions
\@emptytoks=\toks15
\ex@=\dimen139
)) (/Users/rguss/Library/TinyTeX/texmf-dist/tex/latex/amsmath/amsbsy.sty
Package: amsbsy 1999/11/29 v1.2d Bold Symbols
\pmbraise@=\dimen140
) (/Users/rguss/Library/TinyTeX/texmf-dist/tex/latex/amsmath/amsopn.sty
Package: amsopn 2016/03/08 v2.02 operator names
)
\inf@bad=\count182
LaTeX Info: Redefining \frac on input line 234.
\uproot@=\count183
\leftroot@=\count184
LaTeX Info: Redefining \overline on input line 399.
\classnum@=\count185
\DOTSCASE@=\count186
LaTeX Info: Redefining \ldots on input line 496.
LaTeX Info: Redefining \dots on input line 499.
LaTeX Info: Redefining \cdots on input line 620.
\Mathstrutbox@=\box47
\strutbox@=\box48
\big@size=\dimen141
LaTeX Font Info:    Redeclaring font encoding OML on input line 743.
LaTeX Font Info:    Redeclaring font encoding OMS on input line 744.
\macc@depth=\count187
\c@MaxMatrixCols=\count188
\dotsspace@=\muskip16
\c@parentequation=\count189
\dspbrk@lvl=\count190
\tag@help=\toks16
\row@=\count191
\column@=\count192
\maxfields@=\count193
\andhelp@=\toks17
\eqnshift@=\dimen142
\alignsep@=\dimen143
\tagshift@=\dimen144
\tagwidth@=\dimen145
\totwidth@=\dimen146
\lineht@=\dimen147
\@envbody=\toks18
\multlinegap=\skip50
\multlinetaggap=\skip51
\mathdisplay@stack=\toks19
LaTeX Info: Redefining \[ on input line 2923.
LaTeX Info: Redefining \] on input line 2924.
) (/Users/rguss/Library/TinyTeX/texmf-dist/tex/latex/amsfonts/amssymb.sty
Package: amssymb 2013/01/14 v3.01 AMS font symbols
(/Users/rguss/Library/TinyTeX/texmf-dist/tex/latex/amsfonts/amsfonts.sty
Package: amsfonts 2013/01/14 v3.01 Basic AMSFonts support
\symAMSa=\mathgroup4
\symAMSb=\mathgroup5
LaTeX Font Info:    Redeclaring math symbol \hbar on input line 98.
LaTeX Font Info:    Overwriting math alphabet `\mathfrak' in version `bold'
(Font)                  U/euf/m/n --> U/euf/b/n on input line 106.
)) (/Users/rguss/Library/TinyTeX/texmf-dist/tex/latex/lm/lmodern.sty
Package: lmodern 2009/10/30 v1.6 Latin Modern Fonts
LaTeX Font Info:    Overwriting symbol font `operators' in version `normal'
(Font)                  OT1/cmr/m/n --> OT1/lmr/m/n on input line 22.
LaTeX Font Info:    Overwriting symbol font `letters' in version `normal'
(Font)                  OML/cmm/m/it --> OML/lmm/m/it on input line 23.
LaTeX Font Info:    Overwriting symbol font `symbols' in version `normal'
(Font)                  OMS/cmsy/m/n --> OMS/lmsy/m/n on input line 24.
LaTeX Font Info:    Overwriting symbol font `largesymbols' in version `normal'
(Font)                  OMX/cmex/m/n --> OMX/lmex/m/n on input line 25.
LaTeX Font Info:    Overwriting symbol font `operators' in version `bold'
(Font)                  OT1/cmr/bx/n --> OT1/lmr/bx/n on input line 26.
LaTeX Font Info:    Overwriting symbol font `letters' in version `bold'
(Font)                  OML/cmm/b/it --> OML/lmm/b/it on input line 27.
LaTeX Font Info:    Overwriting symbol font `symbols' in version `bold'
(Font)                  OMS/cmsy/b/n --> OMS/lmsy/b/n on input line 28.
LaTeX Font Info:    Overwriting symbol font `largesymbols' in version `bold'
(Font)                  OMX/cmex/m/n --> OMX/lmex/m/n on input line 29.
LaTeX Font Info:    Overwriting math alphabet `\mathbf' in version `normal'
(Font)                  OT1/cmr/bx/n --> OT1/lmr/bx/n on input line 31.
LaTeX Font Info:    Overwriting math alphabet `\mathsf' in version `normal'
(Font)                  OT1/cmss/m/n --> OT1/lmss/m/n on input line 32.
LaTeX Font Info:    Overwriting math alphabet `\mathit' in version `normal'
(Font)                  OT1/cmr/m/it --> OT1/lmr/m/it on input line 33.
LaTeX Font Info:    Overwriting math alphabet `\mathtt' in version `normal'
(Font)                  OT1/cmtt/m/n --> OT1/lmtt/m/n on input line 34.
LaTeX Font Info:    Overwriting math alphabet `\mathbf' in version `bold'
(Font)                  OT1/cmr/bx/n --> OT1/lmr/bx/n on input line 35.
LaTeX Font Info:    Overwriting math alphabet `\mathsf' in version `bold'
(Font)                  OT1/cmss/bx/n --> OT1/lmss/bx/n on input line 36.
LaTeX Font Info:    Overwriting math alphabet `\mathit' in version `bold'
(Font)                  OT1/cmr/bx/it --> OT1/lmr/bx/it on input line 37.
LaTeX Font Info:    Overwriting math alphabet `\mathtt' in version `bold'
(Font)                  OT1/cmtt/m/n --> OT1/lmtt/m/n on input line 38.
) (/Users/rguss/Library/TinyTeX/texmf-dist/tex/generic/iftex/ifxetex.sty
Package: ifxetex 2019/10/25 v0.7 ifxetex legacy package. Use iftex instead.
(/Users/rguss/Library/TinyTeX/texmf-dist/tex/generic/iftex/iftex.sty
Package: iftex 2020/03/06 v1.0d TeX engine tests
)) (/Users/rguss/Library/TinyTeX/texmf-dist/tex/generic/iftex/ifluatex.sty
Package: ifluatex 2019/10/25 v1.5 ifluatex legacy package. Use iftex instead.
)
(/Users/rguss/Library/TinyTeX/texmf-dist/tex/latex/unicode-math/unicode-math.st
y (/Users/rguss/Library/TinyTeX/texmf-dist/tex/latex/l3kernel/expl3.sty
Package: expl3 2020-12-07 L3 programming layer (loader) 

(/Users/rguss/Library/TinyTeX/texmf-dist/tex/latex/l3backend/l3backend-xetex.de
f
File: l3backend-xetex.def 2020-09-24 L3 backend support: XeTeX
\g__graphics_track_int=\count194
\l__pdf_internal_box=\box49
\g__pdf_backend_object_int=\count195
\g__pdf_backend_annotation_int=\count196
))
Package: unicode-math 2020/01/31 v0.8q Unicode maths in XeLaTeX and LuaLaTeX

(/Users/rguss/Library/TinyTeX/texmf-dist/tex/latex/unicode-math/unicode-math-xe
tex.sty
Package: unicode-math-xetex 2020/01/31 v0.8q Unicode maths in XeLaTeX and LuaLa
TeX

(/Users/rguss/Library/TinyTeX/texmf-dist/tex/latex/l3packages/xparse/xparse.sty
Package: xparse 2020-10-27 L3 Experimental document command parser

(/Users/rguss/Library/TinyTeX/texmf-dist/tex/latex/l3packages/xparse/xparse-gen
eric.tex))
(/Users/rguss/Library/TinyTeX/texmf-dist/tex/latex/l3packages/l3keys2e/l3keys2e
.sty
Package: l3keys2e 2020-10-27 LaTeX2e option processing using LaTeX3 keys
) (/Users/rguss/Library/TinyTeX/texmf-dist/tex/latex/fontspec/fontspec.sty
Package: fontspec 2020/02/21 v2.7i Font selection for XeLaTeX and LuaLaTeX
(/Users/rguss/Library/TinyTeX/texmf-dist/tex/latex/fontspec/fontspec-xetex.sty
Package: fontspec-xetex 2020/02/21 v2.7i Font selection for XeLaTeX and LuaLaTe
X
\l__fontspec_script_int=\count197
\l__fontspec_language_int=\count198
\l__fontspec_strnum_int=\count199
\l__fontspec_tmp_int=\count266
\l__fontspec_tmpa_int=\count267
\l__fontspec_tmpb_int=\count268
\l__fontspec_tmpc_int=\count269
\l__fontspec_em_int=\count270
\l__fontspec_emdef_int=\count271
\l__fontspec_strong_int=\count272
\l__fontspec_strongdef_int=\count273
\l__fontspec_tmpa_dim=\dimen148
\l__fontspec_tmpb_dim=\dimen149
\l__fontspec_tmpc_dim=\dimen150
(/Users/rguss/Library/TinyTeX/texmf-dist/tex/latex/base/fontenc.sty
Package: fontenc 2020/08/10 v2.0s Standard LaTeX package
) (/Users/rguss/Library/TinyTeX/texmf-dist/tex/latex/fontspec/fontspec.cfg))) (
/Users/rguss/Library/TinyTeX/texmf-dist/tex/latex/base/fix-cm.sty
Package: fix-cm 2015/01/14 v1.1t fixes to LaTeX
(/Users/rguss/Library/TinyTeX/texmf-dist/tex/latex/base/ts1enc.def
File: ts1enc.def 2001/06/05 v3.0e (jk/car/fm) Standard LaTeX file
LaTeX Font Info:    Redeclaring font encoding TS1 on input line 47.
))
\g__um_fam_int=\count274
\g__um_fonts_used_int=\count275
\l__um_primecount_int=\count276
\g__um_primekern_muskip=\muskip17

(/Users/rguss/Library/TinyTeX/texmf-dist/tex/latex/unicode-math/unicode-math-ta
ble.tex))) (/Users/rguss/Library/TinyTeX/texmf-dist/tex/latex/microtype/microty
pe.sty
Package: microtype 2020/12/07 v2.8 Micro-typographical refinements (RS)
(/Users/rguss/Library/TinyTeX/texmf-dist/tex/latex/graphics/keyval.sty
Package: keyval 2014/10/28 v1.15 key=value parser (DPC)
\KV@toks@=\toks20
)
\MT@toks=\toks21
\MT@count=\count277
LaTeX Info: Redefining \textls on input line 788.
\MT@outer@kern=\dimen151
LaTeX Info: Redefining \textmicrotypecontext on input line 1358.
\MT@listname@count=\count278

(/Users/rguss/Library/TinyTeX/texmf-dist/tex/latex/microtype/microtype-xetex.de
f
File: microtype-xetex.def 2020/12/07 v2.8 Definitions specific to xetex (RS)
LaTeX Info: Redefining \lsstyle on input line 254.
)
Package microtype Info: Loading configuration file microtype.cfg.
(/Users/rguss/Library/TinyTeX/texmf-dist/tex/latex/microtype/microtype.cfg
File: microtype.cfg 2020/12/07 v2.8 microtype main configuration file (RS)
)) (/Users/rguss/Library/TinyTeX/texmf-dist/tex/latex/xcolor/xcolor.sty
Package: xcolor 2016/05/11 v2.12 LaTeX color extensions (UK)
(/Users/rguss/Library/TinyTeX/texmf-dist/tex/latex/graphics-cfg/color.cfg
File: color.cfg 2016/01/02 v1.6 sample color configuration
)
Package xcolor Info: Driver file: xetex.def on input line 225.
(/Users/rguss/Library/TinyTeX/texmf-dist/tex/latex/graphics-def/xetex.def
File: xetex.def 2020/08/26 v5.0i Graphics/color driver for xetex
)
Package xcolor Info: Model `cmy' substituted by `cmy0' on input line 1348.
Package xcolor Info: Model `RGB' extended on input line 1364.
Package xcolor Info: Model `HTML' substituted by `rgb' on input line 1366.
Package xcolor Info: Model `Hsb' substituted by `hsb' on input line 1367.
Package xcolor Info: Model `tHsb' substituted by `hsb' on input line 1368.
Package xcolor Info: Model `HSB' substituted by `hsb' on input line 1369.
Package xcolor Info: Model `Gray' substituted by `gray' on input line 1370.
Package xcolor Info: Model `wave' substituted by `hsb' on input line 1371.
) (/Users/rguss/Library/TinyTeX/texmf-dist/tex/latex/hyperref/hyperref.sty
Package: hyperref 2020-05-15 v7.00e Hypertext links for LaTeX
(/Users/rguss/Library/TinyTeX/texmf-dist/tex/generic/ltxcmds/ltxcmds.sty
Package: ltxcmds 2020-05-10 v1.25 LaTeX kernel commands for general use (HO)
) (/Users/rguss/Library/TinyTeX/texmf-dist/tex/generic/pdftexcmds/pdftexcmds.st
y
Package: pdftexcmds 2020-06-27 v0.33 Utility functions of pdfTeX for LuaTeX (HO
)
(/Users/rguss/Library/TinyTeX/texmf-dist/tex/generic/infwarerr/infwarerr.sty
Package: infwarerr 2019/12/03 v1.5 Providing info/warning/error messages (HO)
)
Package pdftexcmds Info: \pdf@primitive is available.
Package pdftexcmds Info: \pdf@ifprimitive is available.
Package pdftexcmds Info: \pdfdraftmode not found.
) (/Users/rguss/Library/TinyTeX/texmf-dist/tex/generic/kvsetkeys/kvsetkeys.sty
Package: kvsetkeys 2019/12/15 v1.18 Key value parser (HO)
)
(/Users/rguss/Library/TinyTeX/texmf-dist/tex/generic/kvdefinekeys/kvdefinekeys.
sty
Package: kvdefinekeys 2019-12-19 v1.6 Define keys (HO)
) (/Users/rguss/Library/TinyTeX/texmf-dist/tex/generic/pdfescape/pdfescape.sty
Package: pdfescape 2019/12/09 v1.15 Implements pdfTeX's escape features (HO)
) (/Users/rguss/Library/TinyTeX/texmf-dist/tex/latex/hycolor/hycolor.sty
Package: hycolor 2020-01-27 v1.10 Color options for hyperref/bookmark (HO)
) (/Users/rguss/Library/TinyTeX/texmf-dist/tex/latex/letltxmacro/letltxmacro.st
y
Package: letltxmacro 2019/12/03 v1.6 Let assignment for LaTeX macros (HO)
) (/Users/rguss/Library/TinyTeX/texmf-dist/tex/latex/auxhook/auxhook.sty
Package: auxhook 2019-12-17 v1.6 Hooks for auxiliary files (HO)
) (/Users/rguss/Library/TinyTeX/texmf-dist/tex/latex/kvoptions/kvoptions.sty
Package: kvoptions 2020-10-07 v3.14 Key value format for package options (HO)
)
\@linkdim=\dimen152
\Hy@linkcounter=\count279
\Hy@pagecounter=\count280
(/Users/rguss/Library/TinyTeX/texmf-dist/tex/latex/hyperref/pd1enc.def
File: pd1enc.def 2020-05-15 v7.00e Hyperref: PDFDocEncoding definition (HO)
) (/Users/rguss/Library/TinyTeX/texmf-dist/tex/generic/intcalc/intcalc.sty
Package: intcalc 2019/12/15 v1.3 Expandable calculations with integers (HO)
) (/Users/rguss/Library/TinyTeX/texmf-dist/tex/generic/etexcmds/etexcmds.sty
Package: etexcmds 2019/12/15 v1.7 Avoid name clashes with e-TeX commands (HO)
)
\Hy@SavedSpaceFactor=\count281
Package hyperref Info: Option `unicode' set `true' on input line 4338.
(/Users/rguss/Library/TinyTeX/texmf-dist/tex/latex/hyperref/puenc.def
File: puenc.def 2020-05-15 v7.00e Hyperref: PDF Unicode definition (HO)
)
Package hyperref Info: Hyper figures OFF on input line 4464.
Package hyperref Info: Link nesting OFF on input line 4469.
Package hyperref Info: Hyper index ON on input line 4472.
Package hyperref Info: Plain pages OFF on input line 4479.
Package hyperref Info: Backreferencing OFF on input line 4484.
Package hyperref Info: Implicit mode ON; LaTeX internals redefined.
Package hyperref Info: Bookmarks ON on input line 4717.
\c@Hy@tempcnt=\count282
(/Users/rguss/Library/TinyTeX/texmf-dist/tex/latex/url/url.sty
\Urlmuskip=\muskip18
Package: url 2013/09/16  ver 3.4  Verb mode for urls, etc.
)
LaTeX Info: Redefining \url on input line 5076.
\XeTeXLinkMargin=\dimen153
(/Users/rguss/Library/TinyTeX/texmf-dist/tex/generic/bitset/bitset.sty
Package: bitset 2019/12/09 v1.3 Handle bit-vector datatype (HO)
(/Users/rguss/Library/TinyTeX/texmf-dist/tex/generic/bigintcalc/bigintcalc.sty
Package: bigintcalc 2019/12/15 v1.5 Expandable calculations on big integers (HO
)
))
\Fld@menulength=\count283
\Field@Width=\dimen154
\Fld@charsize=\dimen155
Package hyperref Info: Hyper figures OFF on input line 6347.
Package hyperref Info: Link nesting OFF on input line 6352.
Package hyperref Info: Hyper index ON on input line 6355.
Package hyperref Info: backreferencing OFF on input line 6362.
Package hyperref Info: Link coloring OFF on input line 6367.
Package hyperref Info: Link coloring with OCG OFF on input line 6372.
Package hyperref Info: PDF/A mode OFF on input line 6377.
LaTeX Info: Redefining \ref on input line 6417.
LaTeX Info: Redefining \pageref on input line 6421.
(/Users/rguss/Library/TinyTeX/texmf-dist/tex/latex/base/atbegshi-ltx.sty
Package: atbegshi-ltx 2020/08/17 v1.0a Emulation of the original atbegshi packa
ge
with kernel methods
)
\Hy@abspage=\count284
\c@Item=\count285
\c@Hfootnote=\count286
)
Package hyperref Info: Driver (autodetected): hxetex.
(/Users/rguss/Library/TinyTeX/texmf-dist/tex/latex/hyperref/hxetex.def
File: hxetex.def 2020-05-15 v7.00e Hyperref driver for XeTeX
(/Users/rguss/Library/TinyTeX/texmf-dist/tex/generic/stringenc/stringenc.sty
Package: stringenc 2019/11/29 v1.12 Convert strings between diff. encodings (HO
)
)
\pdfm@box=\box50
\c@Hy@AnnotLevel=\count287
\HyField@AnnotCount=\count288
\Fld@listcount=\count289
\c@bookmark@seq@number=\count290

(/Users/rguss/Library/TinyTeX/texmf-dist/tex/latex/rerunfilecheck/rerunfilechec
k.sty
Package: rerunfilecheck 2019/12/05 v1.9 Rerun checks for auxiliary files (HO)
(/Users/rguss/Library/TinyTeX/texmf-dist/tex/latex/base/atveryend-ltx.sty
Package: atveryend-ltx 2020/08/19 v1.0a Emulation of the original atvery packag
e
with kernel methods
)
(/Users/rguss/Library/TinyTeX/texmf-dist/tex/generic/uniquecounter/uniquecounte
r.sty
Package: uniquecounter 2019/12/15 v1.4 Provide unlimited unique counter (HO)
)
Package uniquecounter Info: New unique counter `rerunfilecheck' on input line 2
86.
)
\Hy@SectionHShift=\skip52
) (/Users/rguss/Library/TinyTeX/texmf-dist/tex/latex/fancyvrb/fancyvrb.sty
Package: fancyvrb 2020/05/03 v3.6 verbatim text (tvz,hv)
\FV@CodeLineNo=\count291
\FV@InFile=\read2
\FV@TabBox=\box51
\c@FancyVerbLine=\count292
\FV@StepNumber=\count293
\FV@OutFile=\write3
) (/Users/rguss/Library/TinyTeX/texmf-dist/tex/latex/framed/framed.sty
Package: framed 2011/10/22 v 0.96: framed or shaded text with page breaks
\OuterFrameSep=\skip53
\fb@frw=\dimen156
\fb@frh=\dimen157
\FrameRule=\dimen158
\FrameSep=\dimen159
) (/Users/rguss/Library/TinyTeX/texmf-dist/tex/latex/tools/longtable.sty
Package: longtable 2020/01/07 v4.13 Multi-page Table package (DPC)
\LTleft=\skip54
\LTright=\skip55
\LTpre=\skip56
\LTpost=\skip57
\LTchunksize=\count294
\LTcapwidth=\dimen160
\LT@head=\box52
\LT@firsthead=\box53
\LT@foot=\box54
\LT@lastfoot=\box55
\LT@cols=\count295
\LT@rows=\count296
\c@LT@tables=\count297
\c@LT@chunks=\count298
\LT@p@ftn=\toks22
) (/Users/rguss/Library/TinyTeX/texmf-dist/tex/latex/booktabs/booktabs.sty
Package: booktabs 2020/01/12 v1.61803398 Publication quality tables
\heavyrulewidth=\dimen161
\lightrulewidth=\dimen162
\cmidrulewidth=\dimen163
\belowrulesep=\dimen164
\belowbottomsep=\dimen165
\aboverulesep=\dimen166
\abovetopsep=\dimen167
\cmidrulesep=\dimen168
\cmidrulekern=\dimen169
\defaultaddspace=\dimen170
\@cmidla=\count299
\@cmidlb=\count300
\@aboverulesep=\dimen171
\@belowrulesep=\dimen172
\@thisruleclass=\count301
\@lastruleclass=\count302
\@thisrulewidth=\dimen173
) (/Users/rguss/Library/TinyTeX/texmf-dist/tex/latex/tools/array.sty
Package: array 2020/10/01 v2.5c Tabular extension package (FMi)
\col@sep=\dimen174
\ar@mcellbox=\box56
\extrarowheight=\dimen175
\NC@list=\toks23
\extratabsurround=\skip58
\backup@length=\skip59
\ar@cellbox=\box57
) (/Users/rguss/Library/TinyTeX/texmf-dist/tex/latex/tools/calc.sty
Package: calc 2017/05/25 v4.3 Infix arithmetic (KKT,FJ)
\calc@Acount=\count303
\calc@Bcount=\count304
\calc@Adimen=\dimen176
\calc@Bdimen=\dimen177
\calc@Askip=\skip60
\calc@Bskip=\skip61
LaTeX Info: Redefining \setlength on input line 80.
LaTeX Info: Redefining \addtolength on input line 81.
\calc@Ccount=\count305
\calc@Cskip=\skip62
) (/Users/rguss/Library/TinyTeX/texmf-dist/tex/latex/etoolbox/etoolbox.sty
Package: etoolbox 2020/10/05 v2.5k e-TeX tools for LaTeX (JAW)
\etb@tempcnta=\count306
) (/Users/rguss/Library/TinyTeX/texmf-dist/tex/latex/mdwtools/footnote.sty
Package: footnote 1997/01/28 1.13 Save footnotes around boxes
\fn@notes=\box58
\fn@width=\dimen178
) (/Users/rguss/Library/TinyTeX/texmf-dist/tex/latex/graphics/graphicx.sty
Package: graphicx 2020/09/09 v1.2b Enhanced LaTeX Graphics (DPC,SPQR)
(/Users/rguss/Library/TinyTeX/texmf-dist/tex/latex/graphics/graphics.sty
Package: graphics 2020/08/30 v1.4c Standard LaTeX Graphics (DPC,SPQR)
(/Users/rguss/Library/TinyTeX/texmf-dist/tex/latex/graphics/trig.sty
Package: trig 2016/01/03 v1.10 sin cos tan (DPC)
) (/Users/rguss/Library/TinyTeX/texmf-dist/tex/latex/graphics-cfg/graphics.cfg
File: graphics.cfg 2016/06/04 v1.11 sample graphics configuration
)
Package graphics Info: Driver file: xetex.def on input line 105.
)
\Gin@req@height=\dimen179
\Gin@req@width=\dimen180
) (/Users/rguss/Library/TinyTeX/texmf-dist/tex/latex/natbib/natbib.sty
Package: natbib 2010/09/13 8.31b (PWD, AO)
\bibhang=\skip63
\bibsep=\skip64
LaTeX Info: Redefining \cite on input line 694.
\c@NAT@ctr=\count307
) (./understanding-the-jamstack.aux)
\openout1 = `understanding-the-jamstack.aux'.

LaTeX Font Info:    Checking defaults for OML/cmm/m/it on input line 122.
LaTeX Font Info:    ... okay on input line 122.
LaTeX Font Info:    Checking defaults for OMS/cmsy/m/n on input line 122.
LaTeX Font Info:    ... okay on input line 122.
LaTeX Font Info:    Checking defaults for OT1/cmr/m/n on input line 122.
LaTeX Font Info:    ... okay on input line 122.
LaTeX Font Info:    Checking defaults for T1/cmr/m/n on input line 122.
LaTeX Font Info:    ... okay on input line 122.
LaTeX Font Info:    Checking defaults for TS1/cmr/m/n on input line 122.
LaTeX Font Info:    ... okay on input line 122.
LaTeX Font Info:    Checking defaults for TU/lmr/m/n on input line 122.
LaTeX Font Info:    ... okay on input line 122.
LaTeX Font Info:    Checking defaults for OMX/cmex/m/n on input line 122.
LaTeX Font Info:    ... okay on input line 122.
LaTeX Font Info:    Checking defaults for U/cmr/m/n on input line 122.
LaTeX Font Info:    ... okay on input line 122.
LaTeX Font Info:    Checking defaults for PD1/pdf/m/n on input line 122.
LaTeX Font Info:    ... okay on input line 122.
LaTeX Font Info:    Checking defaults for PU/pdf/m/n on input line 122.
LaTeX Font Info:    ... okay on input line 122.
LaTeX Font Info:    Overwriting math alphabet `\mathrm' in version `normal'
(Font)                  OT1/lmr/m/n --> TU/lmr/m/n on input line 122.
LaTeX Font Info:    Overwriting math alphabet `\mathit' in version `normal'
(Font)                  OT1/lmr/m/it --> TU/lmr/m/it on input line 122.
LaTeX Font Info:    Overwriting math alphabet `\mathbf' in version `normal'
(Font)                  OT1/lmr/bx/n --> TU/lmr/bx/n on input line 122.
LaTeX Font Info:    Overwriting math alphabet `\mathsf' in version `normal'
(Font)                  OT1/lmss/m/n --> TU/lmss/m/n on input line 122.
LaTeX Font Info:    Overwriting math alphabet `\mathsf' in version `bold'
(Font)                  OT1/lmss/bx/n --> TU/lmss/bx/n on input line 122.
LaTeX Font Info:    Overwriting math alphabet `\mathtt' in version `normal'
(Font)                  OT1/lmtt/m/n --> TU/lmtt/m/n on input line 122.
LaTeX Font Info:    Overwriting math alphabet `\mathtt' in version `bold'
(Font)                  OT1/lmtt/m/n --> TU/lmtt/bx/n on input line 122.

Package fontspec Info: latinmodern-math scale = 0.9999964596882403.


Package fontspec Info: latinmodern-math scale = 0.9999964596882403.


Package fontspec Info: latinmodern-math scale = 0.9999964596882403.


Package fontspec Info: Font family 'latinmodern-math.otf(0)' created for font
(fontspec)             'latinmodern-math.otf' with options
(fontspec)             [Scale=MatchLowercase,BoldItalicFont={},ItalicFont={},Sm
allCapsFont={},Script=Math,BoldFont={latinmodern-math.otf}].
(fontspec)              
(fontspec)              This font family consists of the following NFSS
(fontspec)             series/shapes:
(fontspec)              
(fontspec)             - 'normal' (m/n) with NFSS spec.:
(fontspec)             <->s*[0.9999964596882403]"[latinmodern-math.otf]/OT:scri
pt=math;language=dflt;"
(fontspec)             - 'small caps'  (m/sc) with NFSS spec.: 
(fontspec)             - 'bold' (b/n) with NFSS spec.:
(fontspec)             <->s*[0.9999964596882403]"[latinmodern-math.otf]/OT:scri
pt=math;language=dflt;"
(fontspec)             - 'bold small caps'  (b/sc) with NFSS spec.: 

LaTeX Font Info:    Font shape `TU/latinmodern-math.otf(0)/m/n' will be
(Font)              scaled to size 10.0pt on input line 122.

Package fontspec Info: latinmodern-math scale = 0.9999964596882403.


Package fontspec Info: latinmodern-math scale = 0.9999964596882403.


Package fontspec Info: latinmodern-math scale = 0.9999964596882403.


Package fontspec Info: latinmodern-math scale = 0.9999964596882403.


Package fontspec Info: latinmodern-math scale = 0.9999964596882403.


Package fontspec Info: Font family 'latinmodern-math.otf(1)' created for font
(fontspec)             'latinmodern-math.otf' with options
(fontspec)             [Scale=MatchLowercase,BoldItalicFont={},ItalicFont={},Sm
allCapsFont={},Script=Math,SizeFeatures={{Size=8.5-},{Size=6-8.5,Font=latinmode
rn-math.otf,Style=MathScript},{Size=-6,Font=latinmodern-math.otf,Style=MathScri
ptScript}},BoldFont={latinmodern-math.otf}].
(fontspec)              
(fontspec)              This font family consists of the following NFSS
(fontspec)             series/shapes:
(fontspec)              
(fontspec)             - 'normal' (m/n) with NFSS spec.:
(fontspec)             <8.5->s*[0.9999964596882403]"[latinmodern-math.otf]/OT:s
cript=math;language=dflt;"<6-8.5>s*[0.9999964596882403]"[latinmodern-math.otf]/
OT:script=math;language=dflt;+ssty=0;"<-6>s*[0.9999964596882403]"[latinmodern-m
ath.otf]/OT:script=math;language=dflt;+ssty=1;"
(fontspec)             - 'small caps'  (m/sc) with NFSS spec.: 
(fontspec)             - 'bold' (b/n) with NFSS spec.:
(fontspec)             <->s*[0.9999964596882403]"[latinmodern-math.otf]/OT:scri
pt=math;language=dflt;"
(fontspec)             - 'bold small caps'  (b/sc) with NFSS spec.: 

LaTeX Font Info:    Font shape `TU/latinmodern-math.otf(1)/m/n' will be
(Font)              scaled to size 10.0pt on input line 122.
LaTeX Font Info:    Encoding `OT1' has changed to `TU' for symbol font
(Font)              `operators' in the math version `normal' on input line 122.

LaTeX Font Info:    Overwriting symbol font `operators' in version `normal'
(Font)                  OT1/lmr/m/n --> TU/latinmodern-math.otf(1)/m/n on input
 line 122.
LaTeX Font Info:    Encoding `OT1' has changed to `TU' for symbol font
(Font)              `operators' in the math version `bold' on input line 122.
LaTeX Font Info:    Overwriting symbol font `operators' in version `bold'
(Font)                  OT1/lmr/bx/n --> TU/latinmodern-math.otf(1)/b/n on inpu
t line 122.

Package fontspec Info: latinmodern-math scale = 0.9999964596882403.


Package fontspec Info: latinmodern-math scale = 1.000096459334209.


Package fontspec Info: latinmodern-math scale = 0.9999964596882403.


Package fontspec Info: latinmodern-math scale = 1.000096459334209.


Package fontspec Info: latinmodern-math scale = 0.9999964596882403.


Package fontspec Info: latinmodern-math scale = 1.000096459334209.


Package fontspec Info: latinmodern-math scale = 0.9999964596882403.


Package fontspec Info: latinmodern-math scale = 1.000096459334209.


Package fontspec Info: latinmodern-math scale = 0.9999964596882403.


Package fontspec Info: latinmodern-math scale = 1.000096459334209.


Package fontspec Info: Font family 'latinmodern-math.otf(2)' created for font
(fontspec)             'latinmodern-math.otf' with options
(fontspec)             [Scale=MatchLowercase,BoldItalicFont={},ItalicFont={},Sm
allCapsFont={},Script=Math,SizeFeatures={{Size=8.5-},{Size=6-8.5,Font=latinmode
rn-math.otf,Style=MathScript},{Size=-6,Font=latinmodern-math.otf,Style=MathScri
ptScript}},BoldFont={latinmodern-math.otf},ScaleAgain=1.0001,FontAdjustment={\f
ontdimen
(fontspec)             8\font =6.77pt\relax \fontdimen 9\font =3.94pt\relax
(fontspec)             \fontdimen 10\font =4.44pt\relax \fontdimen 11\font
(fontspec)             =6.86pt\relax \fontdimen 12\font =3.45pt\relax
(fontspec)             \fontdimen 13\font =3.63pt\relax \fontdimen 14\font
(fontspec)             =3.63pt\relax \fontdimen 15\font =2.89pt\relax
(fontspec)             \fontdimen 16\font =2.47pt\relax \fontdimen 17\font
(fontspec)             =2.47pt\relax \fontdimen 18\font =2.5pt\relax
(fontspec)             \fontdimen 19\font =2.0pt\relax \fontdimen 22\font
(fontspec)             =2.5pt\relax \fontdimen 20\font =0pt\relax \fontdimen
(fontspec)             21\font =0pt\relax }].
(fontspec)              
(fontspec)              This font family consists of the following NFSS
(fontspec)             series/shapes:
(fontspec)              
(fontspec)             - 'normal' (m/n) with NFSS spec.:
(fontspec)             <8.5->s*[1.000096459334209]"[latinmodern-math.otf]/OT:sc
ript=math;language=dflt;"<6-8.5>s*[1.000096459334209]"[latinmodern-math.otf]/OT
:script=math;language=dflt;+ssty=0;"<-6>s*[1.000096459334209]"[latinmodern-math
.otf]/OT:script=math;language=dflt;+ssty=1;"
(fontspec)             - 'small caps'  (m/sc) with NFSS spec.: 
(fontspec)             and font adjustment code:
(fontspec)             \fontdimen 8\font =6.77pt\relax \fontdimen 9\font
(fontspec)             =3.94pt\relax \fontdimen 10\font =4.44pt\relax
(fontspec)             \fontdimen 11\font =6.86pt\relax \fontdimen 12\font
(fontspec)             =3.45pt\relax \fontdimen 13\font =3.63pt\relax
(fontspec)             \fontdimen 14\font =3.63pt\relax \fontdimen 15\font
(fontspec)             =2.89pt\relax \fontdimen 16\font =2.47pt\relax
(fontspec)             \fontdimen 17\font =2.47pt\relax \fontdimen 18\font
(fontspec)             =2.5pt\relax \fontdimen 19\font =2.0pt\relax \fontdimen
(fontspec)             22\font =2.5pt\relax \fontdimen 20\font =0pt\relax
(fontspec)             \fontdimen 21\font =0pt\relax 
(fontspec)             - 'bold' (b/n) with NFSS spec.:
(fontspec)             <->s*[1.000096459334209]"[latinmodern-math.otf]/OT:scrip
t=math;language=dflt;"
(fontspec)             - 'bold small caps'  (b/sc) with NFSS spec.: 
(fontspec)             and font adjustment code:
(fontspec)             \fontdimen 8\font =6.77pt\relax \fontdimen 9\font
(fontspec)             =3.94pt\relax \fontdimen 10\font =4.44pt\relax
(fontspec)             \fontdimen 11\font =6.86pt\relax \fontdimen 12\font
(fontspec)             =3.45pt\relax \fontdimen 13\font =3.63pt\relax
(fontspec)             \fontdimen 14\font =3.63pt\relax \fontdimen 15\font
(fontspec)             =2.89pt\relax \fontdimen 16\font =2.47pt\relax
(fontspec)             \fontdimen 17\font =2.47pt\relax \fontdimen 18\font
(fontspec)             =2.5pt\relax \fontdimen 19\font =2.0pt\relax \fontdimen
(fontspec)             22\font =2.5pt\relax \fontdimen 20\font =0pt\relax
(fontspec)             \fontdimen 21\font =0pt\relax 

LaTeX Font Info:    Encoding `OMS' has changed to `TU' for symbol font
(Font)              `symbols' in the math version `normal' on input line 122.
LaTeX Font Info:    Overwriting symbol font `symbols' in version `normal'
(Font)                  OMS/lmsy/m/n --> TU/latinmodern-math.otf(2)/m/n on inpu
t line 122.
LaTeX Font Info:    Encoding `OMS' has changed to `TU' for symbol font
(Font)              `symbols' in the math version `bold' on input line 122.
LaTeX Font Info:    Overwriting symbol font `symbols' in version `bold'
(Font)                  OMS/lmsy/b/n --> TU/latinmodern-math.otf(2)/b/n on inpu
t line 122.

Package fontspec Info: latinmodern-math scale = 0.9999964596882403.


Package fontspec Info: latinmodern-math scale = 0.9998964600422715.


Package fontspec Info: latinmodern-math scale = 0.9999964596882403.


Package fontspec Info: latinmodern-math scale = 0.9998964600422715.


Package fontspec Info: latinmodern-math scale = 0.9999964596882403.


Package fontspec Info: latinmodern-math scale = 0.9998964600422715.


Package fontspec Info: latinmodern-math scale = 0.9999964596882403.


Package fontspec Info: latinmodern-math scale = 0.9998964600422715.


Package fontspec Info: latinmodern-math scale = 0.9999964596882403.


Package fontspec Info: latinmodern-math scale = 0.9998964600422715.


Package fontspec Info: Font family 'latinmodern-math.otf(3)' created for font
(fontspec)             'latinmodern-math.otf' with options
(fontspec)             [Scale=MatchLowercase,BoldItalicFont={},ItalicFont={},Sm
allCapsFont={},Script=Math,SizeFeatures={{Size=8.5-},{Size=6-8.5,Font=latinmode
rn-math.otf,Style=MathScript},{Size=-6,Font=latinmodern-math.otf,Style=MathScri
ptScript}},BoldFont={latinmodern-math.otf},ScaleAgain=0.9999,FontAdjustment={\f
ontdimen
(fontspec)             8\font =0.4pt\relax \fontdimen 9\font =2.0pt\relax
(fontspec)             \fontdimen 10\font =1.67pt\relax \fontdimen 11\font
(fontspec)             =1.11pt\relax \fontdimen 12\font =6.0pt\relax
(fontspec)             \fontdimen 13\font =0pt\relax }].
(fontspec)              
(fontspec)              This font family consists of the following NFSS
(fontspec)             series/shapes:
(fontspec)              
(fontspec)             - 'normal' (m/n) with NFSS spec.:
(fontspec)             <8.5->s*[0.9998964600422715]"[latinmodern-math.otf]/OT:s
cript=math;language=dflt;"<6-8.5>s*[0.9998964600422715]"[latinmodern-math.otf]/
OT:script=math;language=dflt;+ssty=0;"<-6>s*[0.9998964600422715]"[latinmodern-m
ath.otf]/OT:script=math;language=dflt;+ssty=1;"
(fontspec)             - 'small caps'  (m/sc) with NFSS spec.: 
(fontspec)             and font adjustment code:
(fontspec)             \fontdimen 8\font =0.4pt\relax \fontdimen 9\font
(fontspec)             =2.0pt\relax \fontdimen 10\font =1.67pt\relax
(fontspec)             \fontdimen 11\font =1.11pt\relax \fontdimen 12\font
(fontspec)             =6.0pt\relax \fontdimen 13\font =0pt\relax 
(fontspec)             - 'bold' (b/n) with NFSS spec.:
(fontspec)             <->s*[0.9998964600422715]"[latinmodern-math.otf]/OT:scri
pt=math;language=dflt;"
(fontspec)             - 'bold small caps'  (b/sc) with NFSS spec.: 
(fontspec)             and font adjustment code:
(fontspec)             \fontdimen 8\font =0.4pt\relax \fontdimen 9\font
(fontspec)             =2.0pt\relax \fontdimen 10\font =1.67pt\relax
(fontspec)             \fontdimen 11\font =1.11pt\relax \fontdimen 12\font
(fontspec)             =6.0pt\relax \fontdimen 13\font =0pt\relax 

LaTeX Font Info:    Encoding `OMX' has changed to `TU' for symbol font
(Font)              `largesymbols' in the math version `normal' on input line 1
22.
LaTeX Font Info:    Overwriting symbol font `largesymbols' in version `normal'
(Font)                  OMX/lmex/m/n --> TU/latinmodern-math.otf(3)/m/n on inpu
t line 122.
LaTeX Font Info:    Encoding `OMX' has changed to `TU' for symbol font
(Font)              `largesymbols' in the math version `bold' on input line 122
.
LaTeX Font Info:    Overwriting symbol font `largesymbols' in version `bold'
(Font)                  OMX/lmex/m/n --> TU/latinmodern-math.otf(3)/b/n on inpu
t line 122.
LaTeX Info: Redefining \microtypecontext on input line 122.
Package microtype Info: Character protrusion enabled (level 2).
Package microtype Info: Using protrusion set `basicmath'.
Package microtype Info: No adjustment of tracking.
Package microtype Info: No adjustment of spacing.
Package microtype Info: No adjustment of kerning.

(/Users/rguss/Library/TinyTeX/texmf-dist/tex/latex/microtype/mt-LatinModernRoma
n.cfg
File: mt-LatinModernRoman.cfg 2013/03/13 v1.0 microtype config. file: Latin Mod
ern Roman (RS)
)
Package hyperref Info: Link coloring OFF on input line 122.
(/Users/rguss/Library/TinyTeX/texmf-dist/tex/latex/hyperref/nameref.sty
Package: nameref 2019/09/16 v2.46 Cross-referencing by name of section
(/Users/rguss/Library/TinyTeX/texmf-dist/tex/latex/refcount/refcount.sty
Package: refcount 2019/12/15 v3.6 Data extraction from label references (HO)
)
(/Users/rguss/Library/TinyTeX/texmf-dist/tex/generic/gettitlestring/gettitlestr
ing.sty
Package: gettitlestring 2019/12/15 v1.6 Cleanup title references (HO)
)
\c@section@level=\count308
)
LaTeX Info: Redefining \ref on input line 122.
LaTeX Info: Redefining \pageref on input line 122.
LaTeX Info: Redefining \nameref on input line 122.
(./understanding-the-jamstack.out) (./understanding-the-jamstack.out)
\@outlinefile=\write4
\openout4 = `understanding-the-jamstack.out'.

LaTeX Font Info:    Font shape `TU/latinmodern-math.otf(1)/m/n' will be
(Font)              scaled to size 12.0pt on input line 124.
LaTeX Font Info:    Font shape `TU/latinmodern-math.otf(1)/m/n' will be
(Font)              scaled to size 8.0pt on input line 124.
LaTeX Font Info:    Font shape `TU/latinmodern-math.otf(1)/m/n' will be
(Font)              scaled to size 6.0pt on input line 124.
LaTeX Font Info:    Trying to load font information for OML+lmm on input line 1
24.
(/Users/rguss/Library/TinyTeX/texmf-dist/tex/latex/lm/omllmm.fd
File: omllmm.fd 2009/10/30 v1.6 Font defs for Latin Modern
)
LaTeX Font Info:    Font shape `TU/latinmodern-math.otf(2)/m/n' will be
(Font)              scaled to size 12.0011pt on input line 124.
LaTeX Font Info:    Font shape `TU/latinmodern-math.otf(2)/m/n' will be
(Font)              scaled to size 8.00073pt on input line 124.
LaTeX Font Info:    Font shape `TU/latinmodern-math.otf(2)/m/n' will be
(Font)              scaled to size 6.00055pt on input line 124.
LaTeX Font Info:    Font shape `TU/latinmodern-math.otf(3)/m/n' will be
(Font)              scaled to size 11.99872pt on input line 124.
LaTeX Font Info:    Font shape `TU/latinmodern-math.otf(3)/m/n' will be
(Font)              scaled to size 7.99915pt on input line 124.
LaTeX Font Info:    Font shape `TU/latinmodern-math.otf(3)/m/n' will be
(Font)              scaled to size 5.99936pt on input line 124.
LaTeX Font Info:    Trying to load font information for U+msa on input line 124
.
(/Users/rguss/Library/TinyTeX/texmf-dist/tex/latex/amsfonts/umsa.fd
File: umsa.fd 2013/01/14 v3.01 AMS symbols A
) (/Users/rguss/Library/TinyTeX/texmf-dist/tex/latex/microtype/mt-msa.cfg
File: mt-msa.cfg 2006/02/04 v1.1 microtype config. file: AMS symbols (a) (RS)
)
LaTeX Font Info:    Trying to load font information for U+msb on input line 124
.
(/Users/rguss/Library/TinyTeX/texmf-dist/tex/latex/amsfonts/umsb.fd
File: umsb.fd 2013/01/14 v3.01 AMS symbols B
) (/Users/rguss/Library/TinyTeX/texmf-dist/tex/latex/microtype/mt-msb.cfg
File: mt-msb.cfg 2005/06/01 v1.0 microtype config. file: AMS symbols (b) (RS)
) [1


] [2

] (./understanding-the-jamstack.toc
LaTeX Font Info:    Font shape `TU/latinmodern-math.otf(1)/m/n' will be
(Font)              scaled to size 7.0pt on input line 4.
LaTeX Font Info:    Font shape `TU/latinmodern-math.otf(1)/m/n' will be
(Font)              scaled to size 5.0pt on input line 4.
LaTeX Font Info:    Font shape `TU/latinmodern-math.otf(2)/m/n' will be
(Font)              scaled to size 10.00092pt on input line 4.
LaTeX Font Info:    Font shape `TU/latinmodern-math.otf(2)/m/n' will be
(Font)              scaled to size 7.00064pt on input line 4.
LaTeX Font Info:    Font shape `TU/latinmodern-math.otf(2)/m/n' will be
(Font)              scaled to size 5.00046pt on input line 4.
LaTeX Font Info:    Font shape `TU/latinmodern-math.otf(3)/m/n' will be
(Font)              scaled to size 9.99893pt on input line 4.
LaTeX Font Info:    Font shape `TU/latinmodern-math.otf(3)/m/n' will be
(Font)              scaled to size 6.99925pt on input line 4.
LaTeX Font Info:    Font shape `TU/latinmodern-math.otf(3)/m/n' will be
(Font)              scaled to size 4.99947pt on input line 4.
[3] [4])
\tf@toc=\write5
\openout5 = `understanding-the-jamstack.toc'.

[5] [6

]
File: images/cover.png Graphic file (type bmp)
<images/cover.png>
[7] [8] [9

] [10

]
Chapter 1.
[11]
File: images/ssg.png Graphic file (type bmp)
<images/ssg.png>
[12]
File: images/cdn.jpg Graphic file (type bmp)
<images/cdn.jpg>
File: images/headless-cms.png Graphic file (type bmp)
<images/headless-cms.png>

Underfull \vbox (badness 2503) has occurred while \output is active []

[13] [14]
File: images/ci-cd.png Graphic file (type bmp)
<images/ci-cd.png>
File: images/git.png Graphic file (type bmp)
<images/git.png>

Underfull \hbox (badness 2608) in paragraph at lines 277--277
[]\TU/lmr/m/n/10 Figure 1.5: []Git - source: []$[][][][][] [] [] [] [][][] [] [
][][][][][][][][][][][] [] [][][] [] [][][][][] [] [][][] [] [][][] [][]
 []

[15] [16]
Chapter 2.
File: images/performance-quotes.png Graphic file (type bmp)
<images/performance-quotes.png>
File: images/performance-infographic.jpg Graphic file (type bmp)
<images/performance-infographic.jpg>

LaTeX Warning: Float too large for page by 24.06178pt on input line 316.

File: images/cdn.jpg Graphic file (type bmp)
<images/cdn.jpg>
File: images/security.png Graphic file (type bmp)
<images/security.png>

Underfull \hbox (badness 1009) in paragraph at lines 333--333
[]\TU/lmr/m/n/10 Figure 2.4: []Security - source: []$[][][][][] [] [] [] [][][]
 [] [][][][][][] [] [][][] [] [][][][][][][][] [] [][] [][] [][][][] [][]
 []

[17

] [18] [19] [20]
File: images/reliability.png Graphic file (type bmp)
<images/reliability.png>
File: images/costs.png Graphic file (type bmp)
<images/costs.png>
[21]
File: images/teams.png Graphic file (type bmp)
<images/teams.png>
[22] [23]
File: images/developer.png Graphic file (type bmp)
<images/developer.png>

Underfull \vbox (badness 2237) has occurred while \output is active []

[24]
File: images/build-times.png Graphic file (type bmp)
<images/build-times.png>
File: images/up-front-costs.png Graphic file (type bmp)
<images/up-front-costs.png>
[25]
File: images/decoupling.png Graphic file (type bmp)
<images/decoupling.png>
[26]
File: images/content-preview.png Graphic file (type bmp)
<images/content-preview.png>
File: images/stripe.png Graphic file (type bmp)
<images/stripe.png>
[27] [28] [29] [30] [31

] [32

]
Chapter 3.

LaTeX Font Warning: Font shape `TU/lmtt/bx/it' in size <10> not available
(Font)              Font shape `TU/lmtt/b/sl' tried instead on input line 539.

[33]
File: images/jamstack-hugo-blog/ink_github_download.png Graphic file (type bmp)

<images/jamstack-hugo-blog/ink_github_download.png>
File: images/jamstack-Hugo-blog/ink_directory_listing.png Graphic file (type bm
p)
<images/jamstack-Hugo-blog/ink_directory_listing.png>

Underfull \hbox (badness 1009) in paragraph at lines 568--570
[]\TU/lmr/m/n/10 Copy the directory \TU/lmtt/m/n/10 themes/ink/exampleSite/cont
ent/ \TU/lmr/m/n/10 and replace
 []


Underfull \hbox (badness 4084) in paragraph at lines 572--573
[]\TU/lmr/m/n/10 Copy the file \TU/lmtt/m/n/10 themes/ink/exampleSite/config.to
ml \TU/lmr/m/n/10 and replace
 []

[34]
File: images/jamstack-hugo-blog/ink-home-page.jpg Graphic file (type bmp)
<images/jamstack-hugo-blog/ink-home-page.jpg>
Missing character: There is no 😎 in font [lmroman10-regular]:mapping=tex-text;!
[35]
LaTeX Font Info:    Font shape `TU/lmtt/bx/n' in size <10> not available
(Font)              Font shape `TU/lmtt/b/n' tried instead on input line 613.
[36]
File: images/jamstack-Hugo-blog/new-post.jpg Graphic file (type bmp)
<images/jamstack-Hugo-blog/new-post.jpg>
File: images/jamstack-hugo-blog/new-repo.jpg Graphic file (type bmp)
<images/jamstack-hugo-blog/new-repo.jpg>
File: images/jamstack-hugo-blog/github_create_repo.png Graphic file (type bmp)
<images/jamstack-hugo-blog/github_create_repo.png>
File: images/jamstack-hugo-blog/github_empty_repo.png Graphic file (type bmp)
<images/jamstack-hugo-blog/github_empty_repo.png>
[37]
File: images/jamstack-hugo-blog/github-instructions.jpg Graphic file (type bmp)

<images/jamstack-hugo-blog/github-instructions.jpg>
File: images/jamstack-Hugo-blog/github-repo-pushed.jpg Graphic file (type bmp)
<images/jamstack-Hugo-blog/github-repo-pushed.jpg>
[38] [39] [40]
File: images/jamstack-hugo-blog/netlify-dashboard.jpg Graphic file (type bmp)
<images/jamstack-hugo-blog/netlify-dashboard.jpg>
File: images/jamstack-Hugo-blog/netlify-git-provider.jpg Graphic file (type bmp
)
<images/jamstack-Hugo-blog/netlify-git-provider.jpg>
File: images/jamstack-Hugo-blog/netlify-pick-a-repo.jpg Graphic file (type bmp)

<images/jamstack-Hugo-blog/netlify-pick-a-repo.jpg>
File: images/jamstack-Hugo-blog/netlify-deploy-settings.png Graphic file (type 
bmp)
<images/jamstack-Hugo-blog/netlify-deploy-settings.png>
File: images/jamstack-Hugo-blog/netlify-deployed-site-dashboard.jpg Graphic fil
e (type bmp)
<images/jamstack-Hugo-blog/netlify-deployed-site-dashboard.jpg>
File: images/jamstack-hugo-blog/netlify-site-broken.png Graphic file (type bmp)

<images/jamstack-hugo-blog/netlify-site-broken.png>
[41] [42] [43] [44]
File: images/jamstack-hugo-blog/broken-site-dev-console.jpg Graphic file (type 
bmp)
<images/jamstack-hugo-blog/broken-site-dev-console.jpg>
File: images/jamstack-hugo-blog/netlify-site-fixed.jpg Graphic file (type bmp)
<images/jamstack-hugo-blog/netlify-site-fixed.jpg>
[45]
File: images/jamstack-hugo-blog/netlify_cms_admin_folder.png Graphic file (type
 bmp)
<images/jamstack-hugo-blog/netlify_cms_admin_folder.png>
[46] [47] [48]
File: images/jamstack-hugo-blog/netlify_identity.png Graphic file (type bmp)
<images/jamstack-hugo-blog/netlify_identity.png>
File: images/jamstack-hugo-blog/netlify_registration_preferences.png Graphic fi
le (type bmp)
<images/jamstack-hugo-blog/netlify_registration_preferences.png>
File: images/jamstack-hugo-blog/netlify_registration_preferences_open.png Graph
ic file (type bmp)
<images/jamstack-hugo-blog/netlify_registration_preferences_open.png>
File: images/jamstack-Hugo-blog/netlify_services_git_gateway.png Graphic file (
type bmp)
<images/jamstack-Hugo-blog/netlify_services_git_gateway.png>
[49] [50] [51]
Overfull \hbox (59.38pt too wide) in paragraph at lines 1031--1032
\TU/lmr/m/n/10 on every page. Paste inside of the \TU/lmtt/m/n/10 <head> \TU/lm
r/m/n/10 of \TU/lmtt/m/n/10 /themes/ink/layouts/partials/header.html. 
 []

[52]
Underfull \vbox (badness 10000) detected at line 1110
 []


Underfull \vbox (badness 10000) detected at line 1110
 []

[53] [54]
File: images/jamstack-hugo-blog/netlify_identity_login.png Graphic file (type b
mp)
<images/jamstack-hugo-blog/netlify_identity_login.png>
[55]
File: images/jamstack-hugo-blog/netlify_identity_signup.png Graphic file (type 
bmp)
<images/jamstack-hugo-blog/netlify_identity_signup.png>
File: images/jamstack-hugo-blog/netlify_cms_dashboard.png Graphic file (type bm
p)
<images/jamstack-hugo-blog/netlify_cms_dashboard.png>
File: images/jamstack-hugo-blog/netlify_cms_publish_btn.png Graphic file (type 
bmp)
<images/jamstack-hugo-blog/netlify_cms_publish_btn.png>
Missing character: There is no 😎 in font [lmroman10-regular]:mapping=tex-text;!
[56] [57]
File: images/jamstack-Hugo-blog/netlify_build_hooks.png Graphic file (type bmp)

<images/jamstack-Hugo-blog/netlify_build_hooks.png>
File: images/jamstack-Hugo-blog/netlify_build_hook_name.png Graphic file (type 
bmp)
<images/jamstack-Hugo-blog/netlify_build_hook_name.png>
File: images/jamstack-Hugo-blog/netlify_build_hook_url.png Graphic file (type b
mp)
<images/jamstack-Hugo-blog/netlify_build_hook_url.png>
[58] [59]
File: images/jamstack-Hugo-blog/zapier_webook_post.png Graphic file (type bmp)
<images/jamstack-Hugo-blog/zapier_webook_post.png>
File: images/jamstack-Hugo-blog/zapier_every_day.png Graphic file (type bmp)
<images/jamstack-Hugo-blog/zapier_every_day.png>
File: images/jamstack-Hugo-blog/zapier_test_trigger.png Graphic file (type bmp)

<images/jamstack-Hugo-blog/zapier_test_trigger.png>
File: images/jamstack-hugo-blog/zapier_post_setup.png Graphic file (type bmp)
<images/jamstack-hugo-blog/zapier_post_setup.png>
File: images/jamstack-hugo-blog/zapier_test_action.png Graphic file (type bmp)
<images/jamstack-hugo-blog/zapier_test_action.png>
File: images/jamstack-Hugo-blog/zapier_test_success.png Graphic file (type bmp)

<images/jamstack-Hugo-blog/zapier_test_success.png>
[60]
File: images/jamstack-Hugo-blog/netlify_hook_success.png Graphic file (type bmp
)
<images/jamstack-Hugo-blog/netlify_hook_success.png>

Underfull \vbox (badness 5036) has occurred while \output is active []

[61] [62] [63] [64] [65] [66]
Chapter 4.
File: images/eleventy-membership/eleventy_server_urls.png Graphic file (type bm
p)
<images/eleventy-membership/eleventy_server_urls.png>
File: images/eleventy-membership/eleventy_homepage.png Graphic file (type bmp)
<images/eleventy-membership/eleventy_homepage.png>
[67

]
Overfull \hbox (9.24564pt too wide) has occurred while \output is active
\TU/lmr/m/n/10 68 \TU/lmr/m/sl/10 CHAPTER 4.  MEMBERSHIP SITE WITH ELEVENTY & M
EMBERSTACK
 []

[68]
File: images/eleventy-membership/memberstack_select_a_builder.png Graphic file 
(type bmp)
<images/eleventy-membership/memberstack_select_a_builder.png>
File: images/eleventy-membership/memberstack_website_details.png Graphic file (
type bmp)
<images/eleventy-membership/memberstack_website_details.png>
File: images/eleventy-membership/memberstack_dashboard.png Graphic file (type b
mp)
<images/eleventy-membership/memberstack_dashboard.png>
File: images/eleventy-membership/memberstack_create_a_membership.png Graphic fi
le (type bmp)
<images/eleventy-membership/memberstack_create_a_membership.png>
File: images/eleventy-membership/memberstack_basic_plan_settings.png Graphic fi
le (type bmp)
<images/eleventy-membership/memberstack_basic_plan_settings.png>
[69]
Overfull \hbox (9.24564pt too wide) has occurred while \output is active
\TU/lmr/m/n/10 70 \TU/lmr/m/sl/10 CHAPTER 4.  MEMBERSHIP SITE WITH ELEVENTY & M
EMBERSTACK
 []

[70] [71]
File: images/eleventy-membership/memberstack_basic_page_hide_content.png Graphi
c file (type bmp)
<images/eleventy-membership/memberstack_basic_page_hide_content.png>
File: images/eleventy-membership/memberstack_basic_page_after_signup.png Graphi
c file (type bmp)
<images/eleventy-membership/memberstack_basic_page_after_signup.png>

Overfull \hbox (9.24564pt too wide) has occurred while \output is active
\TU/lmr/m/n/10 72 \TU/lmr/m/sl/10 CHAPTER 4.  MEMBERSHIP SITE WITH ELEVENTY & M
EMBERSTACK
 []

[72] [73]
File: images/eleventy-membership/memberstack_basic_plan_dashboard.png Graphic f
ile (type bmp)
<images/eleventy-membership/memberstack_basic_plan_dashboard.png>
File: images/eleventy-membership/memberstack_premium_plan_settings.png Graphic 
file (type bmp)
<images/eleventy-membership/memberstack_premium_plan_settings.png>
File: images/eleventy-membership/memberstack_premium_page_hide_content.png Grap
hic file (type bmp)
<images/eleventy-membership/memberstack_premium_page_hide_content.png>
File: images/eleventy-membership/memberstack_premium_and_basic_content.png Grap
hic file (type bmp)
<images/eleventy-membership/memberstack_premium_and_basic_content.png>

Overfull \hbox (9.24564pt too wide) has occurred while \output is active
\TU/lmr/m/n/10 74 \TU/lmr/m/sl/10 CHAPTER 4.  MEMBERSHIP SITE WITH ELEVENTY & M
EMBERSTACK
 []

[74] [75]
File: images/eleventy-membership/memberstack_premium_page_after_signup.png Grap
hic file (type bmp)
<images/eleventy-membership/memberstack_premium_page_after_signup.png>
File: images/eleventy-membership/memberstack_premium_plan_dashboard.png Graphic
 file (type bmp)
<images/eleventy-membership/memberstack_premium_plan_dashboard.png>
File: images/eleventy-membership/memberstack_basic_signup_link.png Graphic file
 (type bmp)
<images/eleventy-membership/memberstack_basic_signup_link.png>

Overfull \hbox (9.24564pt too wide) has occurred while \output is active
\TU/lmr/m/n/10 76 \TU/lmr/m/sl/10 CHAPTER 4.  MEMBERSHIP SITE WITH ELEVENTY & M
EMBERSTACK
 []

[76] [77]
File: images/eleventy-membership/memberstack_premium_signup_link.png Graphic fi
le (type bmp)
<images/eleventy-membership/memberstack_premium_signup_link.png>

Underfull \vbox (badness 1297) has occurred while \output is active []


Overfull \hbox (9.24564pt too wide) has occurred while \output is active
\TU/lmr/m/n/10 78 \TU/lmr/m/sl/10 CHAPTER 4.  MEMBERSHIP SITE WITH ELEVENTY & M
EMBERSTACK
 []

[78]
File: images/eleventy-membership/memberstack_install_header_code.png Graphic fi
le (type bmp)
<images/eleventy-membership/memberstack_install_header_code.png>
[79]
File: images/eleventy-membership/memberstack_add_login_form.png Graphic file (t
ype bmp)
<images/eleventy-membership/memberstack_add_login_form.png>
File: images/eleventy-membership/memberstack_signup_form.png Graphic file (type
 bmp)
<images/eleventy-membership/memberstack_signup_form.png>
File: images/eleventy-membership/eleventy_signup_form.png Graphic file (type bm
p)
<images/eleventy-membership/eleventy_signup_form.png>
File: images/eleventy-membership/memberstack_first_name_field.png Graphic file 
(type bmp)
<images/eleventy-membership/memberstack_first_name_field.png>
File: images/eleventy-membership/memberstack_signup_form_all_fields.png Graphic
 file (type bmp)
<images/eleventy-membership/memberstack_signup_form_all_fields.png>
File: images/eleventy-membership/memberstack_build_a_custom_signup_form.png Gra
phic file (type bmp)
<images/eleventy-membership/memberstack_build_a_custom_signup_form.png>
File: images/eleventy-membership/memberstack_signup_form_data_attribute.png Gra
phic file (type bmp)
<images/eleventy-membership/memberstack_signup_form_data_attribute.png>
File: images/eleventy-membership/memberstack_login_form.png Graphic file (type 
bmp)
<images/eleventy-membership/memberstack_login_form.png>
File: images/eleventy-membership/eleventy_login_form.png Graphic file (type bmp
)
<images/eleventy-membership/eleventy_login_form.png>

Overfull \hbox (9.24564pt too wide) has occurred while \output is active
\TU/lmr/m/n/10 80 \TU/lmr/m/sl/10 CHAPTER 4.  MEMBERSHIP SITE WITH ELEVENTY & M
EMBERSTACK
 []

[80] [81]
Overfull \hbox (9.24564pt too wide) has occurred while \output is active
\TU/lmr/m/n/10 82 \TU/lmr/m/sl/10 CHAPTER 4.  MEMBERSHIP SITE WITH ELEVENTY & M
EMBERSTACK
 []

[82] [83]
Overfull \hbox (9.24564pt too wide) has occurred while \output is active
\TU/lmr/m/n/10 84 \TU/lmr/m/sl/10 CHAPTER 4.  MEMBERSHIP SITE WITH ELEVENTY & M
EMBERSTACK
 []

[84] [85]
File: images/eleventy-membership/memberstack_login_custom_form.png Graphic file
 (type bmp)
<images/eleventy-membership/memberstack_login_custom_form.png>

Underfull \vbox (badness 10000) has occurred while \output is active []


Overfull \hbox (9.24564pt too wide) has occurred while \output is active
\TU/lmr/m/n/10 86 \TU/lmr/m/sl/10 CHAPTER 4.  MEMBERSHIP SITE WITH ELEVENTY & M
EMBERSTACK
 []

[86]
File: images/eleventy-membership/surge_domain.png Graphic file (type bmp)
<images/eleventy-membership/surge_domain.png>
File: images/eleventy-membership/surge_homepage.png Graphic file (type bmp)
<images/eleventy-membership/surge_homepage.png>
[87]
File: images/eleventy-membership/surge_deploy.png Graphic file (type bmp)
<images/eleventy-membership/surge_deploy.png>

Overfull \hbox (9.24564pt too wide) has occurred while \output is active
\TU/lmr/m/n/10 88 \TU/lmr/m/sl/10 CHAPTER 4.  MEMBERSHIP SITE WITH ELEVENTY & M
EMBERSTACK
 []

[88]
File: images/eleventy-membership/eleventy_basic_plan_signup.png Graphic file (t
ype bmp)
<images/eleventy-membership/eleventy_basic_plan_signup.png>
[89]
Overfull \hbox (9.24564pt too wide) has occurred while \output is active
\TU/lmr/m/n/10 90 \TU/lmr/m/sl/10 CHAPTER 4.  MEMBERSHIP SITE WITH ELEVENTY & M
EMBERSTACK
 []

[90] [91]
File: images/eleventy-membership/eleventy_premimum_plan_checkout.png Graphic fi
le (type bmp)
<images/eleventy-membership/eleventy_premimum_plan_checkout.png>

Overfull \hbox (9.24564pt too wide) has occurred while \output is active
\TU/lmr/m/n/10 92 \TU/lmr/m/sl/10 CHAPTER 4.  MEMBERSHIP SITE WITH ELEVENTY & M
EMBERSTACK
 []

[92] [93]
File: images/eleventy-membership/memberstack_connect_to_stripe.png Graphic file
 (type bmp)
<images/eleventy-membership/memberstack_connect_to_stripe.png>
File: images/eleventy-membership/stripe_connnect_to_memberstack.png Graphic fil
e (type bmp)
<images/eleventy-membership/stripe_connnect_to_memberstack.png>
File: images/eleventy-membership/memberstack_stripe_successfully_connected.png 
Graphic file (type bmp)
<images/eleventy-membership/memberstack_stripe_successfully_connected.png>

Overfull \hbox (9.24564pt too wide) has occurred while \output is active
\TU/lmr/m/n/10 94 \TU/lmr/m/sl/10 CHAPTER 4.  MEMBERSHIP SITE WITH ELEVENTY & M
EMBERSTACK
 []

[94] [95]
Overfull \hbox (9.24564pt too wide) has occurred while \output is active
\TU/lmr/m/n/10 96 \TU/lmr/m/sl/10 CHAPTER 4.  MEMBERSHIP SITE WITH ELEVENTY & M
EMBERSTACK
 []

[96]
Chapter 5.
File: images/gatsby-ecommerce/gatsby_default_starter.png Graphic file (type bmp
)
<images/gatsby-ecommerce/gatsby_default_starter.png>
[97

]
Overfull \hbox (10.96452pt too wide) has occurred while \output is active
\TU/lmr/m/n/10 98 \TU/lmr/m/sl/10 CHAPTER 5.  ECOMMERCE SITE WITH GATSBY & STRI
PE CHECKOUT
 []

[98]
Overfull \hbox (25.15202pt too wide) in paragraph at lines 2103--2104
[]\TU/lmr/m/n/10 With both of these packages installed, we now need to add the 
\TU/lmtt/m/n/10 gatsby-source-stripe
 []

[99]
File: images/gatsby-ecommerce/stripe_developer_api_keys_sidebar.png Graphic fil
e (type bmp)
<images/gatsby-ecommerce/stripe_developer_api_keys_sidebar.png>
File: images/gatsby-ecommerce/stripe_standard_keys.png Graphic file (type bmp)
<images/gatsby-ecommerce/stripe_standard_keys.png>

Overfull \hbox (15.96452pt too wide) has occurred while \output is active
\TU/lmr/m/n/10 100 \TU/lmr/m/sl/10 CHAPTER 5.  ECOMMERCE SITE WITH GATSBY & STR
IPE CHECKOUT
 []

[100] [101]
Overfull \hbox (15.96452pt too wide) has occurred while \output is active
\TU/lmr/m/n/10 102 \TU/lmr/m/sl/10 CHAPTER 5.  ECOMMERCE SITE WITH GATSBY & STR
IPE CHECKOUT
 []

[102]
Overfull \hbox (156.31003pt too wide) in paragraph at lines 2254--2256
\TU/lmr/m/n/10 Now let’s set up and configure Stripe checkout. Head over to \TU
/lmtt/m/n/10 https://dashboard.stripe.com/settings/checkout\TU/lmr/m/n/10 .
 []

File: images/gatsby-ecommerce/stripe_enable_client_only_integration.png Graphic
 file (type bmp)
<images/gatsby-ecommerce/stripe_enable_client_only_integration.png>
File: images/gatsby-ecommerce/stripe_allow_modal.png Graphic file (type bmp)
<images/gatsby-ecommerce/stripe_allow_modal.png>
File: images/gatsby-ecommerce/stripe_client_only_fields.png Graphic file (type 
bmp)
<images/gatsby-ecommerce/stripe_client_only_fields.png>
File: images/gatsby-ecommerce/stripe_create_your_first_product_link.png Graphic
 file (type bmp)
<images/gatsby-ecommerce/stripe_create_your_first_product_link.png>
File: images/gatsby-ecommerce/stripe_product_information.png Graphic file (type
 bmp)
<images/gatsby-ecommerce/stripe_product_information.png>
[103]
Overfull \hbox (15.96452pt too wide) has occurred while \output is active
\TU/lmr/m/n/10 104 \TU/lmr/m/sl/10 CHAPTER 5.  ECOMMERCE SITE WITH GATSBY & STR
IPE CHECKOUT
 []

[104] [105]
Overfull \hbox (15.96452pt too wide) has occurred while \output is active
\TU/lmr/m/n/10 106 \TU/lmr/m/sl/10 CHAPTER 5.  ECOMMERCE SITE WITH GATSBY & STR
IPE CHECKOUT
 []

[106] [107]
Overfull \hbox (15.96452pt too wide) has occurred while \output is active
\TU/lmr/m/n/10 108 \TU/lmr/m/sl/10 CHAPTER 5.  ECOMMERCE SITE WITH GATSBY & STR
IPE CHECKOUT
 []

[108] [109]
Overfull \hbox (15.96452pt too wide) has occurred while \output is active
\TU/lmr/m/n/10 110 \TU/lmr/m/sl/10 CHAPTER 5.  ECOMMERCE SITE WITH GATSBY & STR
IPE CHECKOUT
 []

[110] [111]
Underfull \vbox (badness 10000) has occurred while \output is active []


Overfull \hbox (15.96452pt too wide) has occurred while \output is active
\TU/lmr/m/n/10 112 \TU/lmr/m/sl/10 CHAPTER 5.  ECOMMERCE SITE WITH GATSBY & STR
IPE CHECKOUT
 []

[112] [113]
File: images/gatsby-ecommerce/gatsby_store_home_page.png Graphic file (type bmp
)
<images/gatsby-ecommerce/gatsby_store_home_page.png>
File: images/gatsby-ecommerce/stripe_checkout_page.png Graphic file (type bmp)
<images/gatsby-ecommerce/stripe_checkout_page.png>
File: images/gatsby-ecommerce/stripe_successful_purchase.png Graphic file (type
 bmp)
<images/gatsby-ecommerce/stripe_successful_purchase.png>

Overfull \hbox (15.96452pt too wide) has occurred while \output is active
\TU/lmr/m/n/10 114 \TU/lmr/m/sl/10 CHAPTER 5.  ECOMMERCE SITE WITH GATSBY & STR
IPE CHECKOUT
 []

[114] [115]
Overfull \hbox (15.96452pt too wide) has occurred while \output is active
\TU/lmr/m/n/10 116 \TU/lmr/m/sl/10 CHAPTER 5.  ECOMMERCE SITE WITH GATSBY & STR
IPE CHECKOUT
 []

[116]
File: images/gatsby-ecommerce/vercel_dashboard.png Graphic file (type bmp)
<images/gatsby-ecommerce/vercel_dashboard.png>
File: images/gatsby-ecommerce/vercel_import_repo.png Graphic file (type bmp)
<images/gatsby-ecommerce/vercel_import_repo.png>
File: images/gatsby-ecommerce/vercel_environment_variables.png Graphic file (ty
pe bmp)
<images/gatsby-ecommerce/vercel_environment_variables.png>
File: images/gatsby-ecommerce/vercel_successful_deploy.png Graphic file (type b
mp)
<images/gatsby-ecommerce/vercel_successful_deploy.png>
[117]
Overfull \hbox (15.96452pt too wide) has occurred while \output is active
\TU/lmr/m/n/10 118 \TU/lmr/m/sl/10 CHAPTER 5.  ECOMMERCE SITE WITH GATSBY & STR
IPE CHECKOUT
 []

[118] [119]
Overfull \hbox (15.96452pt too wide) has occurred while \output is active
\TU/lmr/m/n/10 120 \TU/lmr/m/sl/10 CHAPTER 5.  ECOMMERCE SITE WITH GATSBY & STR
IPE CHECKOUT
 []

[120

]
File: images/jamstack-landscape.png Graphic file (type bmp)
<images/jamstack-landscape.png>

LaTeX Warning: Float too large for page by 36.45856pt on input line 2764.

[121]
Overfull \hbox (15.96452pt too wide) has occurred while \output is active
\TU/lmr/m/n/10 122 \TU/lmr/m/sl/10 CHAPTER 5.  ECOMMERCE SITE WITH GATSBY & STR
IPE CHECKOUT
 []

[122] [123]
Overfull \hbox (15.96452pt too wide) has occurred while \output is active
\TU/lmr/m/n/10 124 \TU/lmr/m/sl/10 CHAPTER 5.  ECOMMERCE SITE WITH GATSBY & STR
IPE CHECKOUT
 []

[124]
Missing character: There is no 雷 in font [lmroman10-regular]:mapping=tex-text;!
Missing character: There is no 神 in font [lmroman10-regular]:mapping=tex-text;!
[125] (./understanding-the-jamstack.aux)
Package rerunfilecheck Info: File `understanding-the-jamstack.out' has not chan
ged.
(rerunfilecheck)             Checksum: 869DC7A848E57986ED1CCEFD37CAAB9F;8182.
 ) 
Here is how much of TeX's memory you used:
 19178 strings out of 479290
 355950 string characters out of 5875977
 820752 words of memory out of 5000000
 38286 multiletter control sequences out of 15000+600000
 409921 words of font info for 85 fonts, out of 8000000 for 9000
 14 hyphenation exceptions out of 8191
 94i,6n,118p,635b,560s stack positions out of 5000i,500n,10000p,200000b,80000s

Output written on understanding-the-jamstack.pdf (125 pages).
